<?xml version="1.0" encoding="UTF-8"?>
<testsuite xmlns:xsi="http://www.w3.org/2001/XMLSchema-instance" xsi:noNamespaceSchemaLocation="https://maven.apache.org/surefire/maven-surefire-plugin/xsd/surefire-test-report.xsd" version="3.0.2" name="me.dionclei.dslist.DslistApplicationTests" time="6.176" tests="1" errors="0" skipped="0" failures="0">
  <properties>
[...]
</properties>
  <testcase name="contextLoads" classname="me.dionclei.dslist.DslistApplicationTests" time="0.507">
    <system-out><![CDATA[17:44:29.815 [main] INFO org.springframework.test.context.support.AnnotationConfigContextLoaderUtils -- Could not detect default configuration classes for test class [me.dionclei.dslist.DslistApplicationTests]: DslistApplicationTests does not declare any static, non-private, non-final, nested classes annotated with @Configuration.
17:44:29.926 [main] INFO org.springframework.boot.test.context.SpringBootTestContextBootstrapper -- Found @SpringBootConfiguration me.dionclei.dslist.DslistApplication for test class me.dionclei.dslist.DslistApplicationTests

  .   ____          _            __ _ _
 /\\ / ___'_ __ _ _(_)_ __  __ _ \ \ \ \
( ( )\___ | '_ | '_| | '_ \/ _` | \ \ \ \
 \\/  ___)| |_)| | | | | || (_| |  ) ) ) )
  '  |____| .__|_| |_|_| |_\__, | / / / /
 =========|_|==============|___/=/_/_/_/

 :: Spring Boot ::                (v3.4.2)

2025-05-20T17:44:30.445-03:00  INFO 10192 --- [dslist] [           main] m.d.dslist.DslistApplicationTests        : Starting DslistApplicationTests using Java 21.0.6 with PID 10192 (started by Pichau in F:\Projects\STS\dslist)
2025-05-20T17:44:30.447-03:00  INFO 10192 --- [dslist] [           main] m.d.dslist.DslistApplicationTests        : The following 1 profile is active: "test"
2025-05-20T17:44:31.423-03:00  INFO 10192 --- [dslist] [           main] .s.d.r.c.RepositoryConfigurationDelegate : Bootstrapping Spring Data JPA repositories in DEFAULT mode.
2025-05-20T17:44:31.503-03:00  INFO 10192 --- [dslist] [           main] .s.d.r.c.RepositoryConfigurationDelegate : Finished Spring Data repository scanning in 69 ms. Found 4 JPA repository interfaces.
2025-05-20T17:44:32.002-03:00  INFO 10192 --- [dslist] [           main] com.zaxxer.hikari.HikariDataSource       : HikariPool-1 - Starting...
2025-05-20T17:44:32.219-03:00  INFO 10192 --- [dslist] [           main] com.zaxxer.hikari.pool.HikariPool        : HikariPool-1 - Added connection conn0: url=jdbc:h2:mem:testdb user=SA
2025-05-20T17:44:32.221-03:00  INFO 10192 --- [dslist] [           main] com.zaxxer.hikari.HikariDataSource       : HikariPool-1 - Start completed.
2025-05-20T17:44:32.295-03:00  INFO 10192 --- [dslist] [           main] o.hibernate.jpa.internal.util.LogHelper  : HHH000204: Processing PersistenceUnitInfo [name: default]
2025-05-20T17:44:32.362-03:00  INFO 10192 --- [dslist] [           main] org.hibernate.Version                    : HHH000412: Hibernate ORM core version 6.6.5.Final
2025-05-20T17:44:32.400-03:00  INFO 10192 --- [dslist] [           main] o.h.c.internal.RegionFactoryInitiator    : HHH000026: Second-level cache disabled
2025-05-20T17:44:32.710-03:00  INFO 10192 --- [dslist] [           main] o.s.o.j.p.SpringPersistenceUnitInfo      : No LoadTimeWeaver setup: ignoring JPA class transformer
2025-05-20T17:44:32.761-03:00  WARN 10192 --- [dslist] [           main] org.hibernate.orm.deprecation            : HHH90000025: H2Dialect does not need to be specified explicitly using 'hibernate.dialect' (remove the property setting and it will be selected by default)
2025-05-20T17:44:32.778-03:00  INFO 10192 --- [dslist] [           main] org.hibernate.orm.connections.pooling    : HHH10001005: Database info:
	Database JDBC URL [Connecting through datasource 'HikariDataSource (HikariPool-1)']
	Database driver: undefined/unknown
	Database version: 2.3.232
	Autocommit mode: undefined/unknown
	Isolation level: undefined/unknown
	Minimum pool size: undefined/unknown
	Maximum pool size: undefined/unknown
2025-05-20T17:44:33.700-03:00  INFO 10192 --- [dslist] [           main] o.h.e.t.j.p.i.JtaPlatformInitiator       : HHH000489: No JTA platform available (set 'hibernate.transaction.jta.platform' to enable JTA platform integration)
Hibernate: 
    drop table if exists tb_belonging cascade 
Hibernate: 
    drop table if exists tb_game cascade 
Hibernate: 
    drop table if exists tb_game_list cascade 
Hibernate: 
    drop table if exists tb_users cascade 
Hibernate: 
    create table tb_belonging (
        position integer,
        game_id bigint not null,
        list_id bigint not null,
        primary key (game_id, list_id)
    )
Hibernate: 
    create table tb_game (
        game_year integer,
        score float(53),
        id bigint generated by default as identity,
        genre varchar(255),
        img_url varchar(255),
        long_description TEXT,
        platforms varchar(255),
        short_description TEXT,
        title varchar(255),
        primary key (id)
    )
Hibernate: 
    create table tb_game_list (
        id bigint generated by default as identity,
        name varchar(255),
        primary key (id)
    )
Hibernate: 
    create table tb_users (
        role tinyint check (role between 0 and 1),
        uuid uuid not null,
        email varchar(255),
        name varchar(255),
        password varchar(255),
        primary key (uuid)
    )
Hibernate: 
    alter table if exists tb_belonging 
       add constraint FKrchwdikeu66uky1hf75ym1kh 
       foreign key (list_id) 
       references tb_game_list
Hibernate: 
    alter table if exists tb_belonging 
       add constraint FK2slybclee7wdfxhfltbvqkgpg 
       foreign key (game_id) 
       references tb_game
Hibernate: INSERT INTO tb_game_list (name) VALUES ('Aventura e RPG')
Hibernate: INSERT INTO tb_game_list (name) VALUES ('Jogos de plataforma')
Hibernate: INSERT INTO tb_game (title, score, game_year, genre, platforms, img_url, short_description, long_description) VALUES ('Mass Effect Trilogy', 4.8, 2012, 'Role-playing (RPG), Shooter', 'XBox, Playstation, PC', 'https://raw.githubusercontent.com/devsuperior/java-spring-dslist/main/resources/1.png', 'Lorem ipsum dolor sit amet consectetur adipisicing elit. Odit esse officiis corrupti unde repellat non quibusdam! Id nihil itaque ipsum!', 'Lorem ipsum dolor sit amet consectetur adipisicing elit. Delectus dolorum illum placeat eligendi, quis maiores veniam. Incidunt dolorum, nisi deleniti dicta odit voluptatem nam provident temporibus reprehenderit blanditiis consectetur tenetur. Dignissimos blanditiis quod corporis iste, aliquid perspiciatis architecto quasi tempore ipsam voluptates ea ad distinctio, sapiente qui, amet quidem culpa.')
Hibernate: INSERT INTO tb_game (title, score, game_year, genre, platforms, img_url, short_description, long_description) VALUES ('Red Dead Redemption 2', 4.7, 2018, 'Role-playing (RPG), Adventure', 'XBox, Playstation, PC', 'https://raw.githubusercontent.com/devsuperior/java-spring-dslist/main/resources/2.png', 'Lorem ipsum dolor sit amet consectetur adipisicing elit. Odit esse officiis corrupti unde repellat non quibusdam! Id nihil itaque ipsum!', 'Lorem ipsum dolor sit amet consectetur adipisicing elit. Delectus dolorum illum placeat eligendi, quis maiores veniam. Incidunt dolorum, nisi deleniti dicta odit voluptatem nam provident temporibus reprehenderit blanditiis consectetur tenetur. Dignissimos blanditiis quod corporis iste, aliquid perspiciatis architecto quasi tempore ipsam voluptates ea ad distinctio, sapiente qui, amet quidem culpa.')
Hibernate: INSERT INTO tb_game (title, score, game_year, genre, platforms, img_url, short_description, long_description) VALUES ('The Witcher 3: Wild Hunt', 4.7, 2014, 'Role-playing (RPG), Adventure', 'XBox, Playstation, PC', 'https://raw.githubusercontent.com/devsuperior/java-spring-dslist/main/resources/3.png', 'Lorem ipsum dolor sit amet consectetur adipisicing elit. Odit esse officiis corrupti unde repellat non quibusdam! Id nihil itaque ipsum!', 'Lorem ipsum dolor sit amet consectetur adipisicing elit. Delectus dolorum illum placeat eligendi, quis maiores veniam. Incidunt dolorum, nisi deleniti dicta odit voluptatem nam provident temporibus reprehenderit blanditiis consectetur tenetur. Dignissimos blanditiis quod corporis iste, aliquid perspiciatis architecto quasi tempore ipsam voluptates ea ad distinctio, sapiente qui, amet quidem culpa.')
Hibernate: INSERT INTO tb_game (title, score, game_year, genre, platforms, img_url, short_description, long_description) VALUES ('Sekiro: Shadows Die Twice', 3.8, 2019, 'Role-playing (RPG), Adventure', 'XBox, Playstation, PC', 'https://raw.githubusercontent.com/devsuperior/java-spring-dslist/main/resources/4.png', 'Lorem ipsum dolor sit amet consectetur adipisicing elit. Odit esse officiis corrupti unde repellat non quibusdam! Id nihil itaque ipsum!', 'Lorem ipsum dolor sit amet consectetur adipisicing elit. Delectus dolorum illum placeat eligendi, quis maiores veniam. Incidunt dolorum, nisi deleniti dicta odit voluptatem nam provident temporibus reprehenderit blanditiis consectetur tenetur. Dignissimos blanditiis quod corporis iste, aliquid perspiciatis architecto quasi tempore ipsam voluptates ea ad distinctio, sapiente qui, amet quidem culpa.')
Hibernate: INSERT INTO tb_game (title, score, game_year, genre, platforms, img_url, short_description, long_description) VALUES ('Ghost of Tsushima', 4.6, 2012, 'Role-playing (RPG), Adventure', 'XBox, Playstation, PC', 'https://raw.githubusercontent.com/devsuperior/java-spring-dslist/main/resources/5.png', 'Lorem ipsum dolor sit amet consectetur adipisicing elit. Odit esse officiis corrupti unde repellat non quibusdam! Id nihil itaque ipsum!', 'Lorem ipsum dolor sit amet consectetur adipisicing elit. Delectus dolorum illum placeat eligendi, quis maiores veniam. Incidunt dolorum, nisi deleniti dicta odit voluptatem nam provident temporibus reprehenderit blanditiis consectetur tenetur. Dignissimos blanditiis quod corporis iste, aliquid perspiciatis architecto quasi tempore ipsam voluptates ea ad distinctio, sapiente qui, amet quidem culpa.')
Hibernate: INSERT INTO tb_game (title, score, game_year, genre, platforms, img_url, short_description, long_description) VALUES ('Super Mario World', 4.7, 1990, 'Platform', 'Super Ness, PC', 'https://raw.githubusercontent.com/devsuperior/java-spring-dslist/main/resources/6.png', 'Lorem ipsum dolor sit amet consectetur adipisicing elit. Odit esse officiis corrupti unde repellat non quibusdam! Id nihil itaque ipsum!', 'Lorem ipsum dolor sit amet consectetur adipisicing elit. Delectus dolorum illum placeat eligendi, quis maiores veniam. Incidunt dolorum, nisi deleniti dicta odit voluptatem nam provident temporibus reprehenderit blanditiis consectetur tenetur. Dignissimos blanditiis quod corporis iste, aliquid perspiciatis architecto quasi tempore ipsam voluptates ea ad distinctio, sapiente qui, amet quidem culpa.')
Hibernate: INSERT INTO tb_game (title, score, game_year, genre, platforms, img_url, short_description, long_description) VALUES ('Hollow Knight', 4.6, 2017, 'Platform', 'XBox, Playstation, PC', 'https://raw.githubusercontent.com/devsuperior/java-spring-dslist/main/resources/7.png', 'Lorem ipsum dolor sit amet consectetur adipisicing elit. Odit esse officiis corrupti unde repellat non quibusdam! Id nihil itaque ipsum!', 'Lorem ipsum dolor sit amet consectetur adipisicing elit. Delectus dolorum illum placeat eligendi, quis maiores veniam. Incidunt dolorum, nisi deleniti dicta odit voluptatem nam provident temporibus reprehenderit blanditiis consectetur tenetur. Dignissimos blanditiis quod corporis iste, aliquid perspiciatis architecto quasi tempore ipsam voluptates ea ad distinctio, sapiente qui, amet quidem culpa.')
Hibernate: INSERT INTO tb_game (title, score, game_year, genre, platforms, img_url, short_description, long_description) VALUES ('Ori and the Blind Forest', 4, 2015, 'Platform', 'XBox, Playstation, PC', 'https://raw.githubusercontent.com/devsuperior/java-spring-dslist/main/resources/8.png', 'Lorem ipsum dolor sit amet consectetur adipisicing elit. Odit esse officiis corrupti unde repellat non quibusdam! Id nihil itaque ipsum!', 'Lorem ipsum dolor sit amet consectetur adipisicing elit. Delectus dolorum illum placeat eligendi, quis maiores veniam. Incidunt dolorum, nisi deleniti dicta odit voluptatem nam provident temporibus reprehenderit blanditiis consectetur tenetur. Dignissimos blanditiis quod corporis iste, aliquid perspiciatis architecto quasi tempore ipsam voluptates ea ad distinctio, sapiente qui, amet quidem culpa.')
Hibernate: INSERT INTO tb_game (title, score, game_year, genre, platforms, img_url, short_description, long_description) VALUES ('Cuphead', 4.6, 2017, 'Platform', 'XBox, Playstation, PC', 'https://raw.githubusercontent.com/devsuperior/java-spring-dslist/main/resources/9.png', 'Lorem ipsum dolor sit amet consectetur adipisicing elit. Odit esse officiis corrupti unde repellat non quibusdam! Id nihil itaque ipsum!', 'Lorem ipsum dolor sit amet consectetur adipisicing elit. Delectus dolorum illum placeat eligendi, quis maiores veniam. Incidunt dolorum, nisi deleniti dicta odit voluptatem nam provident temporibus reprehenderit blanditiis consectetur tenetur. Dignissimos blanditiis quod corporis iste, aliquid perspiciatis architecto quasi tempore ipsam voluptates ea ad distinctio, sapiente qui, amet quidem culpa.')
Hibernate: INSERT INTO tb_game (title, score, game_year, genre, platforms, img_url, short_description, long_description) VALUES ('Sonic CD', 4, 1993, 'Platform', 'Sega CD, PC', 'https://raw.githubusercontent.com/devsuperior/java-spring-dslist/main/resources/10.png', 'Lorem ipsum dolor sit amet consectetur adipisicing elit. Odit esse officiis corrupti unde repellat non quibusdam! Id nihil itaque ipsum!', 'Lorem ipsum dolor sit amet consectetur adipisicing elit. Delectus dolorum illum placeat eligendi, quis maiores veniam. Incidunt dolorum, nisi deleniti dicta odit voluptatem nam provident temporibus reprehenderit blanditiis consectetur tenetur. Dignissimos blanditiis quod corporis iste, aliquid perspiciatis architecto quasi tempore ipsam voluptates ea ad distinctio, sapiente qui, amet quidem culpa.')
Hibernate: INSERT INTO tb_belonging (list_id, game_id, position) VALUES (1, 1, 0)
Hibernate: INSERT INTO tb_belonging (list_id, game_id, position) VALUES (1, 2, 1)
Hibernate: INSERT INTO tb_belonging (list_id, game_id, position) VALUES (1, 3, 2)
Hibernate: INSERT INTO tb_belonging (list_id, game_id, position) VALUES (1, 4, 3)
Hibernate: INSERT INTO tb_belonging (list_id, game_id, position) VALUES (1, 5, 4)
Hibernate: INSERT INTO tb_belonging (list_id, game_id, position) VALUES (2, 6, 0)
Hibernate: INSERT INTO tb_belonging (list_id, game_id, position) VALUES (2, 7, 1)
Hibernate: INSERT INTO tb_belonging (list_id, game_id, position) VALUES (2, 8, 2)
Hibernate: INSERT INTO tb_belonging (list_id, game_id, position) VALUES (2, 9, 3)
Hibernate: INSERT INTO tb_belonging (list_id, game_id, position) VALUES (2, 10, 4)
2025-05-20T17:44:33.778-03:00  INFO 10192 --- [dslist] [           main] j.LocalContainerEntityManagerFactoryBean : Initialized JPA EntityManagerFactory for persistence unit 'default'
2025-05-20T17:44:34.147-03:00  INFO 10192 --- [dslist] [           main] r$InitializeUserDetailsManagerConfigurer : Global AuthenticationManager configured with UserDetailsService bean with name userDetailsService
2025-05-20T17:44:34.178-03:00  INFO 10192 --- [dslist] [           main] o.s.d.j.r.query.QueryEnhancerFactory     : Hibernate is in classpath; If applicable, HQL parser will be used.
2025-05-20T17:44:34.959-03:00  INFO 10192 --- [dslist] [           main] o.s.b.a.h2.H2ConsoleAutoConfiguration    : H2 console available at '/h2-console'. Database available at 'jdbc:h2:mem:testdb'
2025-05-20T17:44:35.035-03:00  INFO 10192 --- [dslist] [           main] m.d.dslist.DslistApplicationTests        : Started DslistApplicationTests in 4.941 seconds (process running for 6.051)
Hibernate: 
    insert 
    into
        tb_users
        (email, name, password, role, uuid) 
    values
        (?, ?, ?, ?, ?)
Hibernate: 
    insert 
    into
        tb_users
        (email, name, password, role, uuid) 
    values
        (?, ?, ?, ?, ?)
]]></system-out>
    <system-err><![CDATA[Mockito is currently self-attaching to enable the inline-mock-maker. This will no longer work in future releases of the JDK. Please add Mockito as an agent to your build what is described in Mockito's documentation: https://javadoc.io/doc/org.mockito/mockito-core/latest/org/mockito/Mockito.html#0.3
WARNING: A Java agent has been loaded dynamically (C:\Users\Pichau\.m2\repository\net\bytebuddy\byte-buddy-agent\1.15.11\byte-buddy-agent-1.15.11.jar)
WARNING: If a serviceability tool is in use, please run with -XX:+EnableDynamicAgentLoading to hide this warning
WARNING: If a serviceability tool is not in use, please run with -Djdk.instrument.traceUsage for more information
WARNING: Dynamic loading of agents will be disallowed by default in a future release
]]></system-err>
  </testcase>
</testsuite>